<?xml version="1.0" encoding="UTF-8"?>
<!-- Generated by org.testng.reporters.JUnitReportReporter -->
<testsuite skipped="0" hostname="DESKTOP-039VPI4" name="gitpack1.GitTest1" tests="1" failures="0" timestamp="2022-12-05T09:26:58 IST" time="8.199" errors="0">
  <testcase name="git" time="8.199" classname="gitpack1.GitTest1"/>
  <system-out/>
</testsuite> <!-- gitpack1.GitTest1 -->
