<?xml version="1.0" encoding="UTF-8"?>
<!-- Generated by org.testng.reporters.JUnitReportReporter -->
<testsuite skipped="0" hostname="DESKTOP-039VPI4" name="gitpack2.GitTest3" tests="1" failures="0" timestamp="2022-12-05T09:26:58 IST" time="7.885" errors="0">
  <testcase name="git3" time="7.885" classname="gitpack2.GitTest3"/>
  <system-out/>
</testsuite> <!-- gitpack2.GitTest3 -->
